This is pTeXk, Version 3.141592-p3.1.11 (euc) (Web2C 7.5.4) (format=platex 2012.9.21)  20 FEB 2013 16:25
 %&-line parsing enabled.
**functional.tex
(./functional.tex
pLaTeX2e <2006/11/10>+0 (based on LaTeX2e <2009/09/24> patch level 0)
! Undefined control sequence.
l.3 \chapter
            {^^8b@^^94\^^8ed^^97l}
? 

! LaTeX Error: Missing \begin{document}.

See the LaTeX manual or LaTeX Companion for explanation.
Type  H <return>  for immediate help.
 ...                                              
                                                  
l.3 \chapter{^^8b
                 @^^94\^^8ed^^97l}
? 
! Interruption.
\GenericError  ...                                
                                                  \endgroup 
l.3 \chapter{^^8b
                 @^^94\^^8ed^^97l}
? X
 
Here is how much of TeX's memory you used:
 4 strings out of 257674
 54 string characters out of 1191153
 47221 words of memory out of 3000000
 3262 multiletter control sequences out of 10000+50000
 7511 words of font info for 31 fonts, out of 2000000 for 2000
 14 hyphenation exceptions out of 8191
 5i,0n,4p,44b,15s stack positions out of 5000i,500n,6000p,200000b,40000s
No pages of output.
