This is pTeXk, Version 3.141592-p3.1.11 (euc) (Web2C 7.5.4) (format=platex 2012.4.21)  20 DEC 2012 16:18
 %&-line parsing enabled.
**requirement.tex
(./requirement.tex
pLaTeX2e <2006/11/10>+0 (based on LaTeX2e <2009/09/24> patch level 0)
! Undefined control sequence.
l.3 \chapter
            {^^97v^^8b^^81^^8ed^^97l}
? 
! Interruption.
<to be read again> 
                   {
l.3 \chapter{
             ^^97v^^8b^^81^^8ed^^97l}
? ^^[^^[^^[^^G^^GX
Type <return> to proceed, S to scroll future error messages,
R to run without stopping, Q to run quietly,
I to insert something, E to edit your file,
H for help, X to quit.
? X
 
Here is how much of TeX's memory you used:
 4 strings out of 257674
 58 string characters out of 1191153
 47221 words of memory out of 3000000
 3262 multiletter control sequences out of 10000+50000
 7511 words of font info for 31 fonts, out of 2000000 for 2000
 14 hyphenation exceptions out of 8191
 4i,0n,1p,45b,7s stack positions out of 5000i,500n,6000p,200000b,40000s
No pages of output.
